{"/home/oleg/test_zadaniye/node/api/src/app.ts": {"path":"/home/oleg/test_zadaniye/node/api/src/app.ts","statementMap":{"0":{"start":{"line":1,"column":0},"end":{"line":1,"column":43}},"1":{"start":{"line":3,"column":0},"end":{"line":3,"column":58}},"2":{"start":{"line":5,"column":0},"end":{"line":5,"column":47}},"3":{"start":{"line":6,"column":0},"end":{"line":6,"column":32}},"4":{"start":{"line":7,"column":0},"end":{"line":7,"column":26}},"5":{"start":{"line":8,"column":0},"end":{"line":8,"column":35}},"6":{"start":{"line":11,"column":0},"end":{"line":11,"column":58}},"7":{"start":{"line":12,"column":0},"end":{"line":12,"column":58}},"8":{"start":{"line":15,"column":7},"end":{"line":57,"column":null}},"9":{"start":{"line":21,"column":35},"end":{"line":21,"column":50}},"10":{"start":{"line":22,"column":42},"end":{"line":22,"column":58}},"11":{"start":{"line":23,"column":43},"end":{"line":23,"column":76}},"12":{"start":{"line":24,"column":41},"end":{"line":24,"column":70}},"13":{"start":{"line":25,"column":41},"end":{"line":25,"column":56}},"14":{"start":{"line":27,"column":4},"end":{"line":27,"column":25}},"15":{"start":{"line":28,"column":4},"end":{"line":28,"column":21}},"16":{"start":{"line":32,"column":4},"end":{"line":32,"column":55}},"17":{"start":{"line":36,"column":4},"end":{"line":36,"column":25}},"18":{"start":{"line":37,"column":27},"end":{"line":37,"column":79}},"19":{"start":{"line":38,"column":4},"end":{"line":38,"column":62}},"20":{"start":{"line":42,"column":4},"end":{"line":42,"column":72}},"21":{"start":{"line":46,"column":4},"end":{"line":46,"column":25}},"22":{"start":{"line":47,"column":4},"end":{"line":47,"column":21}},"23":{"start":{"line":48,"column":4},"end":{"line":48,"column":31}},"24":{"start":{"line":49,"column":4},"end":{"line":49,"column":39}},"25":{"start":{"line":50,"column":4},"end":{"line":50,"column":45}},"26":{"start":{"line":51,"column":4},"end":{"line":51,"column":62}},"27":{"start":{"line":55,"column":4},"end":{"line":55,"column":24}},"28":{"start":{"line":15,"column":13},"end":{"line":15,"column":16}},"29":{"start":{"line":15,"column":13},"end":{"line":57,"column":null}}},"fnMap":{"0":{"name":"(anonymous_12)","decl":{"start":{"line":20,"column":2},"end":{"line":20,"column":null}},"loc":{"start":{"line":25,"column":69},"end":{"line":29,"column":3}}},"1":{"name":"(anonymous_13)","decl":{"start":{"line":31,"column":2},"end":{"line":31,"column":11}},"loc":{"start":{"line":31,"column":11},"end":{"line":33,"column":3}}},"2":{"name":"(anonymous_14)","decl":{"start":{"line":35,"column":2},"end":{"line":35,"column":15}},"loc":{"start":{"line":35,"column":15},"end":{"line":39,"column":3}}},"3":{"name":"(anonymous_15)","decl":{"start":{"line":41,"column":2},"end":{"line":41,"column":21}},"loc":{"start":{"line":41,"column":21},"end":{"line":43,"column":3}}},"4":{"name":"(anonymous_16)","decl":{"start":{"line":45,"column":15},"end":{"line":45,"column":19}},"loc":{"start":{"line":45,"column":19},"end":{"line":52,"column":null}}},"5":{"name":"(anonymous_18)","decl":{"start":{"line":54,"column":9},"end":{"line":54,"column":14}},"loc":{"start":{"line":54,"column":14},"end":{"line":56,"column":3}}}},"branchMap":{},"s":{"0":1,"1":1,"2":1,"3":1,"4":1,"5":1,"6":1,"7":1,"8":1,"9":1,"10":1,"11":1,"12":1,"13":1,"14":1,"15":1,"16":1,"17":1,"18":1,"19":1,"20":1,"21":1,"22":1,"23":1,"24":1,"25":1,"26":1,"27":1,"28":1,"29":1},"f":{"0":1,"1":1,"2":1,"3":1,"4":1,"5":1},"b":{}}
,"/home/oleg/test_zadaniye/node/api/src/main.ts": {"path":"/home/oleg/test_zadaniye/node/api/src/main.ts","statementMap":{"0":{"start":{"line":1,"column":0},"end":{"line":1,"column":67}},"1":{"start":{"line":2,"column":0},"end":{"line":2,"column":28}},"2":{"start":{"line":3,"column":0},"end":{"line":3,"column":60}},"3":{"start":{"line":4,"column":0},"end":{"line":4,"column":56}},"4":{"start":{"line":5,"column":0},"end":{"line":5,"column":58}},"5":{"start":{"line":7,"column":0},"end":{"line":7,"column":32}},"6":{"start":{"line":11,"column":0},"end":{"line":11,"column":52}},"7":{"start":{"line":13,"column":0},"end":{"line":13,"column":56}},"8":{"start":{"line":14,"column":0},"end":{"line":14,"column":26}},"9":{"start":{"line":15,"column":0},"end":{"line":15,"column":58}},"10":{"start":{"line":16,"column":0},"end":{"line":16,"column":59}},"11":{"start":{"line":24,"column":13},"end":{"line":33,"column":3}},"12":{"start":{"line":25,"column":2},"end":{"line":25,"column":68}},"13":{"start":{"line":26,"column":2},"end":{"line":26,"column":87}},"14":{"start":{"line":27,"column":2},"end":{"line":27,"column":83}},"15":{"start":{"line":28,"column":2},"end":{"line":28,"column":75}},"16":{"start":{"line":29,"column":2},"end":{"line":29,"column":81}},"17":{"start":{"line":30,"column":2},"end":{"line":30,"column":80}},"18":{"start":{"line":31,"column":2},"end":{"line":31,"column":87}},"19":{"start":{"line":32,"column":2},"end":{"line":32,"column":39}},"20":{"start":{"line":36,"column":23},"end":{"line":36,"column":38}},"21":{"start":{"line":37,"column":2},"end":{"line":37,"column":33}},"22":{"start":{"line":38,"column":14},"end":{"line":38,"column":54}},"23":{"start":{"line":39,"column":2},"end":{"line":39,"column":19}},"24":{"start":{"line":40,"column":2},"end":{"line":40,"column":31}},"25":{"start":{"line":43,"column":13},"end":{"line":43,"column":32}}},"fnMap":{"0":{"name":"(anonymous_7)","decl":{"start":{"line":24,"column":47},"end":{"line":24,"column":48}},"loc":{"start":{"line":24,"column":73},"end":{"line":33,"column":1}}},"1":{"name":"bootstrap","decl":{"start":{"line":35,"column":15},"end":{"line":35,"column":24}},"loc":{"start":{"line":35,"column":24},"end":{"line":41,"column":null}}}},"branchMap":{},"s":{"0":1,"1":1,"2":1,"3":1,"4":1,"5":1,"6":1,"7":1,"8":1,"9":1,"10":1,"11":1,"12":1,"13":1,"14":1,"15":1,"16":1,"17":1,"18":1,"19":1,"20":1,"21":1,"22":1,"23":1,"24":1,"25":1},"f":{"0":1,"1":1},"b":{}}
,"/home/oleg/test_zadaniye/node/api/src/types.ts": {"path":"/home/oleg/test_zadaniye/node/api/src/types.ts","statementMap":{"0":{"start":{"line":1,"column":13},"end":{"line":10,"column":2}}},"fnMap":{},"branchMap":{},"s":{"0":1},"f":{},"b":{}}
,"/home/oleg/test_zadaniye/node/api/src/common/auth.guard.ts": {"path":"/home/oleg/test_zadaniye/node/api/src/common/auth.guard.ts","statementMap":{"0":{"start":{"line":6,"column":4},"end":{"line":8,"column":null}},"1":{"start":{"line":7,"column":6},"end":{"line":7,"column":20}},"2":{"start":{"line":9,"column":4},"end":{"line":9,"column":95}},"3":{"start":{"line":4,"column":0},"end":{"line":4,"column":13}}},"fnMap":{"0":{"name":"(anonymous_0)","decl":{"start":{"line":5,"column":2},"end":{"line":5,"column":9}},"loc":{"start":{"line":5,"column":57},"end":{"line":10,"column":3}}}},"branchMap":{"0":{"loc":{"start":{"line":6,"column":4},"end":{"line":8,"column":null}},"type":"if","locations":[{"start":{"line":6,"column":4},"end":{"line":8,"column":null}}]}},"s":{"0":1,"1":1,"2":0,"3":1},"f":{"0":1},"b":{"0":[1]}}
,"/home/oleg/test_zadaniye/node/api/src/common/auth.middleware.ts": {"path":"/home/oleg/test_zadaniye/node/api/src/common/auth.middleware.ts","statementMap":{"0":{"start":{"line":2,"column":0},"end":{"line":2,"column":50}},"1":{"start":{"line":6,"column":22},"end":{"line":6,"column":36}},"2":{"start":{"line":9,"column":4},"end":{"line":19,"column":null}},"3":{"start":{"line":10,"column":6},"end":{"line":18,"column":9}},"4":{"start":{"line":11,"column":8},"end":{"line":17,"column":null}},"5":{"start":{"line":12,"column":10},"end":{"line":12,"column":17}},"6":{"start":{"line":13,"column":15},"end":{"line":17,"column":null}},"7":{"start":{"line":14,"column":10},"end":{"line":14,"column":32}},"8":{"start":{"line":15,"column":10},"end":{"line":15,"column":35}},"9":{"start":{"line":16,"column":10},"end":{"line":16,"column":17}},"10":{"start":{"line":20,"column":4},"end":{"line":20,"column":11}},"11":{"start":{"line":5,"column":0},"end":{"line":5,"column":13}}},"fnMap":{"0":{"name":"(anonymous_0)","decl":{"start":{"line":6,"column":2},"end":{"line":6,"column":22}},"loc":{"start":{"line":6,"column":36},"end":{"line":6,"column":40}}},"1":{"name":"(anonymous_1)","decl":{"start":{"line":8,"column":2},"end":{"line":8,"column":9}},"loc":{"start":{"line":8,"column":57},"end":{"line":21,"column":3}}},"2":{"name":"(anonymous_2)","decl":{"start":{"line":10,"column":67},"end":{"line":10,"column":68}},"loc":{"start":{"line":10,"column":84},"end":{"line":18,"column":7}}}},"branchMap":{"0":{"loc":{"start":{"line":9,"column":4},"end":{"line":19,"column":null}},"type":"if","locations":[{"start":{"line":9,"column":4},"end":{"line":19,"column":null}}]},"1":{"loc":{"start":{"line":11,"column":8},"end":{"line":17,"column":null}},"type":"if","locations":[{"start":{"line":11,"column":8},"end":{"line":17,"column":null}},{"start":{"line":13,"column":15},"end":{"line":17,"column":null}}]},"2":{"loc":{"start":{"line":13,"column":15},"end":{"line":17,"column":null}},"type":"if","locations":[{"start":{"line":13,"column":15},"end":{"line":17,"column":null}}]},"3":{"loc":{"start":{"line":13,"column":19},"end":{"line":13,"column":57}},"type":"binary-expr","locations":[{"start":{"line":13,"column":19},"end":{"line":13,"column":46}},{"start":{"line":13,"column":50},"end":{"line":13,"column":57}}]}},"s":{"0":1,"1":1,"2":5,"3":1,"4":1,"5":0,"6":1,"7":1,"8":1,"9":1,"10":5,"11":1},"f":{"0":1,"1":5,"2":1},"b":{"0":[1],"1":[0,1],"2":[1],"3":[1,1]}}
,"/home/oleg/test_zadaniye/node/api/src/common/base.controller.ts": {"path":"/home/oleg/test_zadaniye/node/api/src/common/base.controller.ts","statementMap":{"0":{"start":{"line":1,"column":0},"end":{"line":1,"column":43}},"1":{"start":{"line":4,"column":0},"end":{"line":4,"column":39}},"2":{"start":{"line":5,"column":0},"end":{"line":5,"column":26}},"3":{"start":{"line":8,"column":7},"end":{"line":41,"column":null}},"4":{"start":{"line":11,"column":22},"end":{"line":11,"column":37}},"5":{"start":{"line":12,"column":4},"end":{"line":12,"column":28}},"6":{"start":{"line":16,"column":4},"end":{"line":16,"column":24}},"7":{"start":{"line":20,"column":4},"end":{"line":20,"column":33}},"8":{"start":{"line":21,"column":4},"end":{"line":21,"column":42}},"9":{"start":{"line":25,"column":4},"end":{"line":25,"column":43}},"10":{"start":{"line":29,"column":4},"end":{"line":29,"column":31}},"11":{"start":{"line":33,"column":4},"end":{"line":39,"column":null}},"12":{"start":{"line":34,"column":6},"end":{"line":34,"column":57}},"13":{"start":{"line":35,"column":25},"end":{"line":35,"column":73}},"14":{"start":{"line":35,"column":55},"end":{"line":35,"column":72}},"15":{"start":{"line":36,"column":22},"end":{"line":36,"column":43}},"16":{"start":{"line":37,"column":23},"end":{"line":37,"column":70}},"17":{"start":{"line":38,"column":6},"end":{"line":38,"column":54}},"18":{"start":{"line":8,"column":22},"end":{"line":8,"column":36}},"19":{"start":{"line":8,"column":22},"end":{"line":41,"column":null}}},"fnMap":{"0":{"name":"(anonymous_2)","decl":{"start":{"line":11,"column":2},"end":{"line":11,"column":22}},"loc":{"start":{"line":11,"column":37},"end":{"line":13,"column":3}}},"1":{"name":"(anonymous_3)","decl":{"start":{"line":15,"column":2},"end":{"line":15,"column":6}},"loc":{"start":{"line":15,"column":12},"end":{"line":17,"column":3}}},"2":{"name":"(anonymous_4)","decl":{"start":{"line":19,"column":9},"end":{"line":19,"column":13}},"loc":{"start":{"line":19,"column":56},"end":{"line":22,"column":3}}},"3":{"name":"(anonymous_5)","decl":{"start":{"line":24,"column":9},"end":{"line":24,"column":11}},"loc":{"start":{"line":24,"column":40},"end":{"line":26,"column":3}}},"4":{"name":"(anonymous_6)","decl":{"start":{"line":28,"column":9},"end":{"line":28,"column":16}},"loc":{"start":{"line":28,"column":30},"end":{"line":30,"column":3}}},"5":{"name":"(anonymous_7)","decl":{"start":{"line":32,"column":12},"end":{"line":32,"column":22}},"loc":{"start":{"line":32,"column":49},"end":{"line":40,"column":3}}},"6":{"name":"(anonymous_8)","decl":{"start":{"line":35,"column":48},"end":{"line":35,"column":49}},"loc":{"start":{"line":35,"column":55},"end":{"line":35,"column":72}}}},"branchMap":{"0":{"loc":{"start":{"line":35,"column":25},"end":{"line":35,"column":73}},"type":"cond-expr","locations":[{"start":{"line":35,"column":42},"end":{"line":35,"column":44}},{"start":{"line":35,"column":42},"end":{"line":35,"column":73}}]},"1":{"loc":{"start":{"line":35,"column":25},"end":{"line":35,"column":44}},"type":"binary-expr","locations":[{"start":{"line":35,"column":25},"end":{"line":35,"column":44}},{"start":{"line":35,"column":42},"end":{"line":35,"column":44}}]},"2":{"loc":{"start":{"line":37,"column":23},"end":{"line":37,"column":70}},"type":"cond-expr","locations":[{"start":{"line":37,"column":36},"end":{"line":37,"column":60}},{"start":{"line":37,"column":63},"end":{"line":37,"column":70}}]}},"s":{"0":1,"1":1,"2":1,"3":1,"4":1,"5":1,"6":4,"7":3,"8":3,"9":3,"10":0,"11":1,"12":3,"13":3,"14":3,"15":3,"16":3,"17":3,"18":1,"19":1},"f":{"0":1,"1":4,"2":3,"3":3,"4":0,"5":1,"6":3},"b":{"0":[0,3],"1":[3,3],"2":[3,0]}}
,"/home/oleg/test_zadaniye/node/api/src/common/validate.middleware.ts": {"path":"/home/oleg/test_zadaniye/node/api/src/common/validate.middleware.ts","statementMap":{"0":{"start":{"line":2,"column":0},"end":{"line":2,"column":67}},"1":{"start":{"line":3,"column":0},"end":{"line":3,"column":43}},"2":{"start":{"line":7,"column":22},"end":{"line":7,"column":63}},"3":{"start":{"line":10,"column":21},"end":{"line":10,"column":61}},"4":{"start":{"line":11,"column":4},"end":{"line":17,"column":7}},"5":{"start":{"line":12,"column":6},"end":{"line":16,"column":null}},"6":{"start":{"line":13,"column":8},"end":{"line":13,"column":37}},"7":{"start":{"line":15,"column":8},"end":{"line":15,"column":15}},"8":{"start":{"line":6,"column":0},"end":{"line":6,"column":13}}},"fnMap":{"0":{"name":"(anonymous_0)","decl":{"start":{"line":7,"column":2},"end":{"line":7,"column":22}},"loc":{"start":{"line":7,"column":63},"end":{"line":7,"column":67}}},"1":{"name":"(anonymous_1)","decl":{"start":{"line":9,"column":2},"end":{"line":9,"column":9}},"loc":{"start":{"line":9,"column":62},"end":{"line":18,"column":3}}},"2":{"name":"(anonymous_2)","decl":{"start":{"line":11,"column":28},"end":{"line":11,"column":29}},"loc":{"start":{"line":11,"column":39},"end":{"line":17,"column":5}}}},"branchMap":{"0":{"loc":{"start":{"line":12,"column":6},"end":{"line":16,"column":null}},"type":"if","locations":[{"start":{"line":12,"column":6},"end":{"line":16,"column":null}},{"start":{"line":14,"column":13},"end":{"line":16,"column":null}}]}},"s":{"0":1,"1":1,"2":2,"3":4,"4":4,"5":4,"6":1,"7":3,"8":1},"f":{"0":2,"1":4,"2":4},"b":{"0":[1,3]}}
,"/home/oleg/test_zadaniye/node/api/src/config/config.service.ts": {"path":"/home/oleg/test_zadaniye/node/api/src/config/config.service.ts","statementMap":{"0":{"start":{"line":2,"column":0},"end":{"line":2,"column":92}},"1":{"start":{"line":4,"column":0},"end":{"line":4,"column":47}},"2":{"start":{"line":5,"column":0},"end":{"line":5,"column":33}},"3":{"start":{"line":8,"column":7},"end":{"line":24,"column":null}},"4":{"start":{"line":10,"column":45},"end":{"line":10,"column":60}},"5":{"start":{"line":11,"column":39},"end":{"line":11,"column":47}},"6":{"start":{"line":13,"column":4},"end":{"line":18,"column":null}},"7":{"start":{"line":14,"column":6},"end":{"line":14,"column":95}},"8":{"start":{"line":16,"column":6},"end":{"line":16,"column":71}},"9":{"start":{"line":17,"column":6},"end":{"line":17,"column":55}},"10":{"start":{"line":22,"column":4},"end":{"line":22,"column":28}},"11":{"start":{"line":8,"column":13},"end":{"line":8,"column":26}},"12":{"start":{"line":8,"column":13},"end":{"line":24,"column":null}}},"fnMap":{"0":{"name":"(anonymous_4)","decl":{"start":{"line":10,"column":2},"end":{"line":10,"column":15}},"loc":{"start":{"line":10,"column":60},"end":{"line":19,"column":3}}},"1":{"name":"(anonymous_5)","decl":{"start":{"line":21,"column":2},"end":{"line":21,"column":5}},"loc":{"start":{"line":21,"column":17},"end":{"line":23,"column":3}}}},"branchMap":{"0":{"loc":{"start":{"line":13,"column":4},"end":{"line":18,"column":null}},"type":"if","locations":[{"start":{"line":13,"column":4},"end":{"line":18,"column":null}},{"start":{"line":15,"column":11},"end":{"line":18,"column":null}}]}},"s":{"0":1,"1":1,"2":1,"3":1,"4":1,"5":1,"6":1,"7":0,"8":1,"9":1,"10":3,"11":1,"12":1},"f":{"0":1,"1":3},"b":{"0":[0,1]}}
,"/home/oleg/test_zadaniye/node/api/src/database/prisma.service.ts": {"path":"/home/oleg/test_zadaniye/node/api/src/database/prisma.service.ts","statementMap":{"0":{"start":{"line":1,"column":0},"end":{"line":1,"column":57}},"1":{"start":{"line":2,"column":0},"end":{"line":2,"column":47}},"2":{"start":{"line":3,"column":0},"end":{"line":3,"column":33}},"3":{"start":{"line":7,"column":7},"end":{"line":27,"column":null}},"4":{"start":{"line":9,"column":45},"end":{"line":9,"column":60}},"5":{"start":{"line":10,"column":4},"end":{"line":10,"column":37}},"6":{"start":{"line":14,"column":4},"end":{"line":21,"column":null}},"7":{"start":{"line":15,"column":6},"end":{"line":15,"column":35}},"8":{"start":{"line":16,"column":6},"end":{"line":16,"column":76}},"9":{"start":{"line":18,"column":6},"end":{"line":20,"column":null}},"10":{"start":{"line":19,"column":8},"end":{"line":19,"column":92}},"11":{"start":{"line":25,"column":4},"end":{"line":25,"column":36}},"12":{"start":{"line":7,"column":13},"end":{"line":7,"column":26}},"13":{"start":{"line":7,"column":13},"end":{"line":27,"column":null}}},"fnMap":{"0":{"name":"(anonymous_11)","decl":{"start":{"line":9,"column":2},"end":{"line":9,"column":15}},"loc":{"start":{"line":9,"column":60},"end":{"line":11,"column":3}}},"1":{"name":"(anonymous_12)","decl":{"start":{"line":13,"column":8},"end":{"line":13,"column":15}},"loc":{"start":{"line":13,"column":15},"end":{"line":22,"column":null}}},"2":{"name":"(anonymous_14)","decl":{"start":{"line":24,"column":8},"end":{"line":24,"column":18}},"loc":{"start":{"line":24,"column":18},"end":{"line":26,"column":null}}}},"branchMap":{"0":{"loc":{"start":{"line":18,"column":6},"end":{"line":20,"column":null}},"type":"if","locations":[{"start":{"line":18,"column":6},"end":{"line":20,"column":null}}]}},"s":{"0":1,"1":1,"2":1,"3":1,"4":1,"5":1,"6":1,"7":1,"8":1,"9":0,"10":0,"11":0,"12":1,"13":1},"f":{"0":1,"1":1,"2":0},"b":{"0":[0]}}
,"/home/oleg/test_zadaniye/node/api/src/errors/exception.filter.ts": {"path":"/home/oleg/test_zadaniye/node/api/src/errors/exception.filter.ts","statementMap":{"0":{"start":{"line":3,"column":0},"end":{"line":3,"column":47}},"1":{"start":{"line":4,"column":0},"end":{"line":4,"column":47}},"2":{"start":{"line":5,"column":0},"end":{"line":5,"column":33}},"3":{"start":{"line":7,"column":0},"end":{"line":7,"column":26}},"4":{"start":{"line":10,"column":7},"end":{"line":22,"column":null}},"5":{"start":{"line":11,"column":45},"end":{"line":11,"column":60}},"6":{"start":{"line":14,"column":4},"end":{"line":20,"column":null}},"7":{"start":{"line":15,"column":6},"end":{"line":15,"column":87}},"8":{"start":{"line":16,"column":6},"end":{"line":16,"column":60}},"9":{"start":{"line":18,"column":6},"end":{"line":18,"column":42}},"10":{"start":{"line":19,"column":6},"end":{"line":19,"column":49}},"11":{"start":{"line":10,"column":13},"end":{"line":10,"column":28}},"12":{"start":{"line":10,"column":13},"end":{"line":22,"column":null}}},"fnMap":{"0":{"name":"(anonymous_4)","decl":{"start":{"line":11,"column":2},"end":{"line":11,"column":15}},"loc":{"start":{"line":11,"column":60},"end":{"line":11,"column":64}}},"1":{"name":"(anonymous_5)","decl":{"start":{"line":13,"column":2},"end":{"line":13,"column":7}},"loc":{"start":{"line":13,"column":79},"end":{"line":21,"column":3}}}},"branchMap":{"0":{"loc":{"start":{"line":14,"column":4},"end":{"line":20,"column":null}},"type":"if","locations":[{"start":{"line":14,"column":4},"end":{"line":20,"column":null}},{"start":{"line":17,"column":11},"end":{"line":20,"column":null}}]}},"s":{"0":1,"1":1,"2":1,"3":1,"4":1,"5":1,"6":1,"7":1,"8":1,"9":0,"10":0,"11":1,"12":1},"f":{"0":1,"1":1},"b":{"0":[1,0]}}
,"/home/oleg/test_zadaniye/node/api/src/errors/http.error.class.ts": {"path":"/home/oleg/test_zadaniye/node/api/src/errors/http.error.class.ts","statementMap":{"0":{"start":{"line":6,"column":4},"end":{"line":6,"column":12}},"1":{"start":{"line":7,"column":4},"end":{"line":7,"column":33}},"2":{"start":{"line":8,"column":4},"end":{"line":8,"column":27}},"3":{"start":{"line":9,"column":4},"end":{"line":9,"column":27}},"4":{"start":{"line":1,"column":0},"end":{"line":1,"column":13}}},"fnMap":{"0":{"name":"(anonymous_0)","decl":{"start":{"line":5,"column":2},"end":{"line":5,"column":14}},"loc":{"start":{"line":5,"column":67},"end":{"line":10,"column":3}}}},"branchMap":{},"s":{"0":1,"1":1,"2":1,"3":1,"4":1},"f":{"0":1},"b":{}}
,"/home/oleg/test_zadaniye/node/api/src/logger/logger.service.ts": {"path":"/home/oleg/test_zadaniye/node/api/src/logger/logger.service.ts","statementMap":{"0":{"start":{"line":1,"column":0},"end":{"line":1,"column":56}},"1":{"start":{"line":3,"column":0},"end":{"line":3,"column":39}},"2":{"start":{"line":4,"column":0},"end":{"line":4,"column":26}},"3":{"start":{"line":6,"column":23},"end":{"line":11,"column":2}},"4":{"start":{"line":14,"column":7},"end":{"line":33,"column":null}},"5":{"start":{"line":18,"column":4},"end":{"line":18,"column":72}},"6":{"start":{"line":22,"column":4},"end":{"line":22,"column":30}},"7":{"start":{"line":27,"column":4},"end":{"line":27,"column":30}},"8":{"start":{"line":31,"column":4},"end":{"line":31,"column":30}},"9":{"start":{"line":14,"column":13},"end":{"line":14,"column":26}},"10":{"start":{"line":14,"column":13},"end":{"line":33,"column":null}}},"fnMap":{"0":{"name":"(anonymous_2)","decl":{"start":{"line":17,"column":2},"end":{"line":17,"column":null}},"loc":{"start":{"line":17,"column":2},"end":{"line":19,"column":3}}},"1":{"name":"(anonymous_3)","decl":{"start":{"line":21,"column":2},"end":{"line":21,"column":5}},"loc":{"start":{"line":21,"column":24},"end":{"line":23,"column":3}}},"2":{"name":"(anonymous_4)","decl":{"start":{"line":25,"column":2},"end":{"line":25,"column":7}},"loc":{"start":{"line":25,"column":26},"end":{"line":28,"column":3}}},"3":{"name":"(anonymous_5)","decl":{"start":{"line":30,"column":2},"end":{"line":30,"column":6}},"loc":{"start":{"line":30,"column":25},"end":{"line":32,"column":3}}}},"branchMap":{},"s":{"0":1,"1":1,"2":1,"3":1,"4":1,"5":1,"6":6,"7":1,"8":0,"9":1,"10":1},"f":{"0":1,"1":6,"2":1,"3":0},"b":{}}
,"/home/oleg/test_zadaniye/node/api/src/users/user.entity.ts": {"path":"/home/oleg/test_zadaniye/node/api/src/users/user.entity.ts","statementMap":{"0":{"start":{"line":1,"column":0},"end":{"line":1,"column":41}},"1":{"start":{"line":6,"column":21},"end":{"line":6,"column":35}},"2":{"start":{"line":7,"column":21},"end":{"line":7,"column":34}},"3":{"start":{"line":10,"column":4},"end":{"line":12,"column":null}},"4":{"start":{"line":11,"column":6},"end":{"line":11,"column":36}},"5":{"start":{"line":16,"column":4},"end":{"line":16,"column":23}},"6":{"start":{"line":20,"column":4},"end":{"line":20,"column":22}},"7":{"start":{"line":24,"column":4},"end":{"line":24,"column":26}},"8":{"start":{"line":28,"column":4},"end":{"line":28,"column":44}},"9":{"start":{"line":32,"column":4},"end":{"line":32,"column":45}},"10":{"start":{"line":3,"column":0},"end":{"line":3,"column":13}}},"fnMap":{"0":{"name":"(anonymous_7)","decl":{"start":{"line":5,"column":2},"end":{"line":5,"column":null}},"loc":{"start":{"line":8,"column":25},"end":{"line":13,"column":3}}},"1":{"name":"(anonymous_8)","decl":{"start":{"line":15,"column":2},"end":{"line":15,"column":6}},"loc":{"start":{"line":15,"column":11},"end":{"line":17,"column":3}}},"2":{"name":"(anonymous_9)","decl":{"start":{"line":19,"column":2},"end":{"line":19,"column":6}},"loc":{"start":{"line":19,"column":10},"end":{"line":21,"column":3}}},"3":{"name":"(anonymous_10)","decl":{"start":{"line":23,"column":2},"end":{"line":23,"column":6}},"loc":{"start":{"line":23,"column":14},"end":{"line":25,"column":3}}},"4":{"name":"(anonymous_11)","decl":{"start":{"line":27,"column":15},"end":{"line":27,"column":26}},"loc":{"start":{"line":27,"column":53},"end":{"line":29,"column":null}}},"5":{"name":"(anonymous_13)","decl":{"start":{"line":31,"column":15},"end":{"line":31,"column":30}},"loc":{"start":{"line":31,"column":47},"end":{"line":33,"column":null}}}},"branchMap":{"0":{"loc":{"start":{"line":10,"column":4},"end":{"line":12,"column":null}},"type":"if","locations":[{"start":{"line":10,"column":4},"end":{"line":12,"column":null}}]}},"s":{"0":1,"1":3,"2":3,"3":3,"4":3,"5":0,"6":0,"7":0,"8":0,"9":3,"10":1},"f":{"0":3,"1":0,"2":0,"3":0,"4":0,"5":3},"b":{"0":[3]}}
,"/home/oleg/test_zadaniye/node/api/src/users/users.controller.ts": {"path":"/home/oleg/test_zadaniye/node/api/src/users/users.controller.ts","statementMap":{"0":{"start":{"line":2,"column":0},"end":{"line":2,"column":59}},"1":{"start":{"line":3,"column":0},"end":{"line":3,"column":55}},"2":{"start":{"line":4,"column":0},"end":{"line":4,"column":47}},"3":{"start":{"line":5,"column":0},"end":{"line":5,"column":33}},"4":{"start":{"line":8,"column":0},"end":{"line":8,"column":52}},"5":{"start":{"line":9,"column":0},"end":{"line":9,"column":58}},"6":{"start":{"line":10,"column":0},"end":{"line":10,"column":67}},"7":{"start":{"line":11,"column":0},"end":{"line":11,"column":36}},"8":{"start":{"line":14,"column":0},"end":{"line":14,"column":49}},"9":{"start":{"line":17,"column":7},"end":{"line":98,"column":null}},"10":{"start":{"line":23,"column":4},"end":{"line":23,"column":25}},"11":{"start":{"line":19,"column":35},"end":{"line":19,"column":57}},"12":{"start":{"line":20,"column":39},"end":{"line":20,"column":64}},"13":{"start":{"line":21,"column":41},"end":{"line":21,"column":70}},"14":{"start":{"line":24,"column":4},"end":{"line":43,"column":7}},"15":{"start":{"line":51,"column":22},"end":{"line":51,"column":67}},"16":{"start":{"line":52,"column":4},"end":{"line":54,"column":null}},"17":{"start":{"line":53,"column":6},"end":{"line":53,"column":89}},"18":{"start":{"line":55,"column":16},"end":{"line":55,"column":84}},"19":{"start":{"line":56,"column":4},"end":{"line":56,"column":27}},"20":{"start":{"line":64,"column":19},"end":{"line":64,"column":58}},"21":{"start":{"line":65,"column":4},"end":{"line":67,"column":null}},"22":{"start":{"line":66,"column":6},"end":{"line":66,"column":75}},"23":{"start":{"line":68,"column":4},"end":{"line":68,"column":57}},"24":{"start":{"line":74,"column":4},"end":{"line":74,"column":34}},"25":{"start":{"line":78,"column":4},"end":{"line":96,"column":7}},"26":{"start":{"line":79,"column":6},"end":{"line":95,"column":8}},"27":{"start":{"line":89,"column":10},"end":{"line":93,"column":null}},"28":{"start":{"line":90,"column":12},"end":{"line":90,"column":24}},"29":{"start":{"line":92,"column":12},"end":{"line":92,"column":37}},"30":{"start":{"line":17,"column":13},"end":{"line":17,"column":27}},"31":{"start":{"line":17,"column":13},"end":{"line":98,"column":null}}},"fnMap":{"0":{"name":"(anonymous_11)","decl":{"start":{"line":18,"column":2},"end":{"line":18,"column":null}},"loc":{"start":{"line":21,"column":70},"end":{"line":44,"column":3}}},"1":{"name":"(anonymous_12)","decl":{"start":{"line":46,"column":8},"end":{"line":46,"column":13}},"loc":{"start":{"line":49,"column":22},"end":{"line":57,"column":null}}},"2":{"name":"(anonymous_14)","decl":{"start":{"line":59,"column":8},"end":{"line":59,"column":16}},"loc":{"start":{"line":62,"column":22},"end":{"line":69,"column":null}}},"3":{"name":"(anonymous_16)","decl":{"start":{"line":71,"column":8},"end":{"line":71,"column":12}},"loc":{"start":{"line":71,"column":65},"end":{"line":75,"column":null}}},"4":{"name":"(anonymous_18)","decl":{"start":{"line":77,"column":10},"end":{"line":77,"column":17}},"loc":{"start":{"line":77,"column":47},"end":{"line":97,"column":3}}},"5":{"name":"(anonymous_19)","decl":{"start":{"line":78,"column":31},"end":{"line":78,"column":32}},"loc":{"start":{"line":78,"column":51},"end":{"line":96,"column":5}}},"6":{"name":"(anonymous_20)","decl":{"start":{"line":88,"column":8},"end":{"line":88,"column":9}},"loc":{"start":{"line":88,"column":23},"end":{"line":94,"column":9}}}},"branchMap":{"0":{"loc":{"start":{"line":52,"column":4},"end":{"line":54,"column":null}},"type":"if","locations":[{"start":{"line":52,"column":4},"end":{"line":54,"column":null}}]},"1":{"loc":{"start":{"line":65,"column":4},"end":{"line":67,"column":null}},"type":"if","locations":[{"start":{"line":65,"column":4},"end":{"line":67,"column":null}}]},"2":{"loc":{"start":{"line":89,"column":10},"end":{"line":93,"column":null}},"type":"if","locations":[{"start":{"line":89,"column":10},"end":{"line":93,"column":null}},{"start":{"line":91,"column":17},"end":{"line":93,"column":null}}]}},"s":{"0":1,"1":1,"2":1,"3":1,"4":1,"5":1,"6":1,"7":1,"8":1,"9":1,"10":1,"11":1,"12":1,"13":1,"14":1,"15":3,"16":3,"17":1,"18":2,"19":2,"20":0,"21":0,"22":0,"23":0,"24":1,"25":2,"26":2,"27":2,"28":0,"29":2,"30":1,"31":1},"f":{"0":1,"1":3,"2":0,"3":1,"4":2,"5":2,"6":2},"b":{"0":[1],"1":[0],"2":[0,2]}}
,"/home/oleg/test_zadaniye/node/api/src/users/users.repository.ts": {"path":"/home/oleg/test_zadaniye/node/api/src/users/users.repository.ts","statementMap":{"0":{"start":{"line":1,"column":0},"end":{"line":1,"column":47}},"1":{"start":{"line":3,"column":0},"end":{"line":3,"column":33}},"2":{"start":{"line":4,"column":0},"end":{"line":4,"column":59}},"3":{"start":{"line":9,"column":7},"end":{"line":30,"column":null}},"4":{"start":{"line":10,"column":51},"end":{"line":10,"column":66}},"5":{"start":{"line":13,"column":38},"end":{"line":13,"column":42}},"6":{"start":{"line":14,"column":4},"end":{"line":20,"column":7}},"7":{"start":{"line":24,"column":4},"end":{"line":28,"column":7}},"8":{"start":{"line":9,"column":13},"end":{"line":9,"column":28}},"9":{"start":{"line":9,"column":13},"end":{"line":30,"column":null}}},"fnMap":{"0":{"name":"(anonymous_11)","decl":{"start":{"line":10,"column":2},"end":{"line":10,"column":15}},"loc":{"start":{"line":10,"column":79},"end":{"line":10,"column":83}}},"1":{"name":"(anonymous_12)","decl":{"start":{"line":12,"column":8},"end":{"line":12,"column":14}},"loc":{"start":{"line":12,"column":25},"end":{"line":21,"column":null}}},"2":{"name":"(anonymous_14)","decl":{"start":{"line":23,"column":8},"end":{"line":23,"column":12}},"loc":{"start":{"line":23,"column":26},"end":{"line":29,"column":null}}}},"branchMap":{},"s":{"0":1,"1":1,"2":1,"3":1,"4":1,"5":0,"6":0,"7":3,"8":1,"9":1},"f":{"0":1,"1":0,"2":3},"b":{}}
,"/home/oleg/test_zadaniye/node/api/src/users/users.service.ts": {"path":"/home/oleg/test_zadaniye/node/api/src/users/users.service.ts","statementMap":{"0":{"start":{"line":1,"column":0},"end":{"line":1,"column":47}},"1":{"start":{"line":4,"column":0},"end":{"line":4,"column":37}},"2":{"start":{"line":7,"column":0},"end":{"line":7,"column":33}},"3":{"start":{"line":12,"column":7},"end":{"line":41,"column":null}},"4":{"start":{"line":14,"column":41},"end":{"line":14,"column":70}},"5":{"start":{"line":15,"column":43},"end":{"line":15,"column":76}},"6":{"start":{"line":19,"column":20},"end":{"line":19,"column":41}},"7":{"start":{"line":20,"column":17},"end":{"line":20,"column":47}},"8":{"start":{"line":21,"column":4},"end":{"line":21,"column":54}},"9":{"start":{"line":22,"column":24},"end":{"line":22,"column":62}},"10":{"start":{"line":23,"column":4},"end":{"line":25,"column":null}},"11":{"start":{"line":24,"column":6},"end":{"line":24,"column":18}},"12":{"start":{"line":26,"column":4},"end":{"line":26,"column":48}},"13":{"start":{"line":30,"column":19},"end":{"line":30,"column":57}},"14":{"start":{"line":31,"column":4},"end":{"line":33,"column":null}},"15":{"start":{"line":32,"column":6},"end":{"line":32,"column":19}},"16":{"start":{"line":34,"column":20},"end":{"line":34,"column":72}},"17":{"start":{"line":35,"column":4},"end":{"line":35,"column":45}},"18":{"start":{"line":39,"column":4},"end":{"line":39,"column":44}},"19":{"start":{"line":12,"column":13},"end":{"line":12,"column":24}},"20":{"start":{"line":12,"column":13},"end":{"line":41,"column":null}}},"fnMap":{"0":{"name":"(anonymous_11)","decl":{"start":{"line":13,"column":2},"end":{"line":13,"column":null}},"loc":{"start":{"line":15,"column":76},"end":{"line":16,"column":6}}},"1":{"name":"(anonymous_12)","decl":{"start":{"line":18,"column":8},"end":{"line":18,"column":18}},"loc":{"start":{"line":18,"column":61},"end":{"line":27,"column":null}}},"2":{"name":"(anonymous_14)","decl":{"start":{"line":29,"column":8},"end":{"line":29,"column":20}},"loc":{"start":{"line":29,"column":54},"end":{"line":36,"column":null}}},"3":{"name":"(anonymous_16)","decl":{"start":{"line":38,"column":8},"end":{"line":38,"column":15}},"loc":{"start":{"line":38,"column":29},"end":{"line":40,"column":null}}}},"branchMap":{"0":{"loc":{"start":{"line":23,"column":4},"end":{"line":25,"column":null}},"type":"if","locations":[{"start":{"line":23,"column":4},"end":{"line":25,"column":null}}]},"1":{"loc":{"start":{"line":31,"column":4},"end":{"line":33,"column":null}},"type":"if","locations":[{"start":{"line":31,"column":4},"end":{"line":33,"column":null}}]}},"s":{"0":1,"1":1,"2":1,"3":1,"4":1,"5":1,"6":0,"7":0,"8":0,"9":0,"10":0,"11":0,"12":0,"13":3,"14":3,"15":0,"16":3,"17":3,"18":0,"19":1,"20":1},"f":{"0":1,"1":0,"2":3,"3":0},"b":{"0":[0],"1":[0]}}
,"/home/oleg/test_zadaniye/node/api/src/users/dto/user-login.dto.ts": {"path":"/home/oleg/test_zadaniye/node/api/src/users/dto/user-login.dto.ts","statementMap":{"0":{"start":{"line":1,"column":0},"end":{"line":1,"column":52}},"1":{"start":{"line":3,"column":0},"end":{"line":3,"column":13}},"2":{"start":{"line":5,"column":2},"end":{"line":5,"column":null}},"3":{"start":{"line":7,"column":2},"end":{"line":7,"column":null}}},"fnMap":{},"branchMap":{},"s":{"0":1,"1":1,"2":1,"3":1},"f":{},"b":{}}
,"/home/oleg/test_zadaniye/node/api/src/users/dto/user-register.dto.ts": {"path":"/home/oleg/test_zadaniye/node/api/src/users/dto/user-register.dto.ts","statementMap":{"0":{"start":{"line":1,"column":0},"end":{"line":1,"column":52}},"1":{"start":{"line":3,"column":0},"end":{"line":3,"column":13}},"2":{"start":{"line":5,"column":2},"end":{"line":5,"column":null}},"3":{"start":{"line":8,"column":2},"end":{"line":8,"column":null}},"4":{"start":{"line":11,"column":2},"end":{"line":11,"column":null}}},"fnMap":{},"branchMap":{},"s":{"0":1,"1":1,"2":1,"3":1,"4":1},"f":{},"b":{}}
}
